[debug] [2025-09-19T17:31:52.820Z] ----------------------------------------------------------------------
[debug] [2025-09-19T17:31:52.822Z] Command:       /nix/store/ixbb20farqh1f4fqbmsn6b1ixn8mc8ij-nodejs-20.18.1/bin/node /home/user/.global_modules/bin/firebase init
[debug] [2025-09-19T17:31:52.823Z] CLI Version:   14.17.0
[debug] [2025-09-19T17:31:52.823Z] Platform:      linux
[debug] [2025-09-19T17:31:52.823Z] Node Version:  v20.18.1
[debug] [2025-09-19T17:31:52.824Z] Time:          Fri Sep 19 2025 17:31:52 GMT+0000 (Coordinated Universal Time)
[debug] [2025-09-19T17:31:52.824Z] ----------------------------------------------------------------------
[debug] 
[debug] [2025-09-19T17:31:52.829Z] Checked if tokens are valid: true, expires at: 1758306698277
[debug] [2025-09-19T17:31:52.831Z] Checked if tokens are valid: true, expires at: 1758306698277
[debug] [2025-09-19T17:31:52.835Z] >>> [apiv2][query] GET https://monospace-pa.googleapis.com/v1/workspaces/gcse-learn-v2-72712753 [none]
[debug] [2025-09-19T17:31:54.593Z] <<< [apiv2][status] GET https://monospace-pa.googleapis.com/v1/workspaces/gcse-learn-v2-72712753 200
[debug] [2025-09-19T17:31:54.594Z] <<< [apiv2][body] GET https://monospace-pa.googleapis.com/v1/workspaces/gcse-learn-v2-72712753 {"workspaceId":"gcse-learn-v2-72712753","name":"GCSE-learn-v2","workspaceRedirectUrl":"firebase-gcse-learn-v2-1758302652354.cluster-lu4mup47g5gm4rtyvhzpwbfadi.cloudworkstations.dev","status":"WORKSPACE_STATUS_RUNNING","lastAccessDatetime":"2025-09-19T17:24:34.491839Z","workspaceTemplate":"WORKSPACE_TEMPLATE_BLANK_WEB","owner":"SELF","serviceAccountEmail":"msp-2746193199253821916@monospace-per-ws-sa-4.iam.gserviceaccount.com","gitRepoUrl":"https://github.com/Ragskrp/GCSE-learn-v2","enableNix":true,"ownerEmail":"ragskrp@gmail.com","workstationAccessToken":"eyJhbGciOiJSUzI1NiIsInR5cCI6IkpXVCJ9.eyJpc3MiOiJodHRwczovL2Nsb3VkLmdvb2dsZS5jb20vd29ya3N0YXRpb25zIiwiYXVkIjoiZmlyZWJhc2UtZ2NzZS1sZWFybi12Mi0xNzU4MzAyNjUyMzU0LmNsdXN0ZXItbHU0bXVwNDdnNWdtNHJ0eXZoenB3YmZhZGkuY2xvdWR3b3Jrc3RhdGlvbnMuZGV2IiwiaWF0IjoxNzU4MzAzMTE0LCJleHAiOjE3NTgzODk1MTR9.2TBFEEiK9GOgb1zeJd4VrvTE498CSJDg5e245lXwfieNN8GqtF2EoFA24Xi9rxWXCIJ-B357BnPkZAVGM2jL9HfOHB_tPkhSDEJ7MOO-PNubYw6NbPYppzUI8MkNBbRFqZgbjzlIdEvKHSvY9YEkNCDax-u5Nt0qooRBEW_cznaYJUdhoheuzhWHPqFucpKYQJTpGfLQtV7OoMxa_tSwvMKrj4vXgxl7xyMO7yMuCVG3Wh4UZL-6JtGk_exONxpt-xcd75Zc3QsKCKjP8bR9cunldhQH2jaR1uxHlADwbqDwsZ3_Tg875eM4izBEw70mUMnFnWgyLVnE0YN4CcRbsg"}
[debug] [2025-09-19T17:31:54.595Z] > command requires scopes: ["email","openid","https://www.googleapis.com/auth/cloudplatformprojects.readonly","https://www.googleapis.com/auth/firebase","https://www.googleapis.com/auth/cloud-platform","https://www.googleapis.com/auth/userinfo.email"]
[debug] [2025-09-19T17:31:54.596Z] > authorizing via signed-in user (ragskrp@gmail.com)
[info] 
     ######## #### ########  ######## ########     ###     ######  ########
     ##        ##  ##     ## ##       ##     ##  ##   ##  ##       ##
     ######    ##  ########  ######   ########  #########  ######  ######
     ##        ##  ##    ##  ##       ##     ## ##     ##       ## ##
     ##       #### ##     ## ######## ########  ##     ##  ######  ########

You're about to initialize a Firebase project in this directory:

  /home/user/GCSE-learn-v2

